<?xml version="1.0" encoding="UTF-8"?>
<!-- Generated by org.testng.reporters.JUnitReportReporter -->
<testsuite hostname="TechMs-MacBook-Pro.local" failures="0" tests="1" name="testRunners.Tests" time="0.057" errors="0" timestamp="2022-03-12T12:12:54 PST" skipped="0">
  <testcase classname="testRunners.Tests" name="runScenario" time="0.057"/>
  <system-out/>
</testsuite> <!-- testRunners.Tests -->
